生成启动时间为 2018/10/8 20:59:25。
     1>项目“F:\CODE\数据结构\插入排序\插入排序\插入排序.vcxproj”在节点 2 上(Build 个目标)。
     1>ClCompile:
         C:\Program Files (x86)\Microsoft Visual Studio 12.0\VC\bin\CL.exe /c /ZI /nologo /W3 /WX- /sdl /Od /Oy- /D _UNICODE /D UNICODE /Gm /EHsc /RTC1 /MDd /GS /fp:precise /Zc:wchar_t /Zc:forScope /Fo"Debug\\" /Fd"Debug\vc120.pdb" /Gd /TC /analyze- /errorReport:prompt QuickSort.c
         QuickSort.c
     1>f:\code\数据结构\插入排序\插入排序\quicksort.c(62): warning C4013: “Swap”未定义；假设外部返回 int
       Link:
         C:\Program Files (x86)\Microsoft Visual Studio 12.0\VC\bin\link.exe /ERRORREPORT:PROMPT /OUT:"F:\CODE\数据结构\插入排序\Debug\插入排序.exe" /INCREMENTAL /NOLOGO kernel32.lib user32.lib gdi32.lib winspool.lib comdlg32.lib advapi32.lib shell32.lib ole32.lib oleaut32.lib uuid.lib odbc32.lib odbccp32.lib /MANIFEST /MANIFESTUAC:"level='asInvoker' uiAccess='false'" /manifest:embed /DEBUG /PDB:"F:\CODE\数据结构\插入排序\Debug\插入排序.pdb" /TLBID:1 /DYNAMICBASE /NXCOMPAT /IMPLIB:"F:\CODE\数据结构\插入排序\Debug\插入排序.lib" /MACHINE:X86 Debug\Bubble.obj
         Debug\Heap.obj
         Debug\InsertSort.obj
         Debug\Merge.obj
         Debug\QuickSort.obj
         Debug\Radix.obj
         Debug\Select.obj
         Debug\ShellSort.obj
         Debug\test.obj
         插入排序.vcxproj -> F:\CODE\数据结构\插入排序\Debug\插入排序.exe
     1>已完成生成项目“F:\CODE\数据结构\插入排序\插入排序\插入排序.vcxproj”(Build 个目标)的操作。

生成成功。

已用时间 00:00:00.35
